Flow report for freq
Fri May 18 20:41:22 2012
Quartus II Version 9.1 Build 222 10/21/2009 SJ Full Version


---------------------
; Table of Contents ;
---------------------
  1. Legal Notice
  2. Flow Summary
  3. Flow Settings
  4. Flow Non-Default Global Settings
  5. Flow Elapsed Time
  6. Flow OS Summary
  7. Flow Log



----------------
; Legal Notice ;
----------------
Copyright (C) 1991-2009 Altera Corporation
Your use of Altera Corporation's design tools, logic functions 
and other software and tools, and its AMPP partner logic 
functions, and any output files from any of the foregoing 
(including device programming or simulation files), and any 
associated documentation or information are expressly subject 
to the terms and conditions of the Altera Program License 
Subscription Agreement, Altera MegaCore Function License 
Agreement, or other applicable license agreement, including, 
without limitation, that your use is for the sole purpose of 
programming logic devices manufactured by Altera and sold by 
Altera or its authorized distributors.  Please refer to the 
applicable agreement for further details.



+-------------------------------------------------------------------------------+
; Flow Summary                                                                  ;
+------------------------------------+------------------------------------------+
; Flow Status                        ; Successful - Fri May 18 20:41:08 2012    ;
; Quartus II Version                 ; 9.1 Build 222 10/21/2009 SJ Full Version ;
; Revision Name                      ; freq                                     ;
; Top-level Entity Name              ; freq                                     ;
; Family                             ; Cyclone II                               ;
; Device                             ; EP2C8Q208C8                              ;
; Timing Models                      ; Final                                    ;
; Met timing requirements            ; No                                       ;
; Total logic elements               ; 7,202 / 8,256 ( 87 % )                   ;
;     Total combinational functions  ; 7,185 / 8,256 ( 87 % )                   ;
;     Dedicated logic registers      ; 228 / 8,256 ( 3 % )                      ;
; Total registers                    ; 228                                      ;
; Total pins                         ; 14 / 138 ( 10 % )                        ;
; Total virtual pins                 ; 0                                        ;
; Total memory bits                  ; 0 / 165,888 ( 0 % )                      ;
; Embedded Multiplier 9-bit elements ; 6 / 36 ( 17 % )                          ;
; Total PLLs                         ; 0 / 2 ( 0 % )                            ;
+------------------------------------+------------------------------------------+


+-----------------------------------------+
; Flow Settings                           ;
+-------------------+---------------------+
; Option            ; Setting             ;
+-------------------+---------------------+
; Start date & time ; 05/18/2012 20:39:44 ;
; Main task         ; Compilation         ;
; Revision Name     ; freq                ;
+-------------------+---------------------+


+--------------------------------------------------------------------------------------------------------------------------------+
; Flow Non-Default Global Settings                                                                                               ;
+------------------------------------+--------------------------------------------+---------------+-------------+----------------+
; Assignment Name                    ; Value                                      ; Default Value ; Entity Name ; Section Id     ;
+------------------------------------+--------------------------------------------+---------------+-------------+----------------+
; COMPILER_SIGNATURE_ID              ; 213606327301503.133734478308024            ; --            ; --          ; --             ;
; MAX_CORE_JUNCTION_TEMP             ; 85                                         ; --            ; --          ; --             ;
; MIN_CORE_JUNCTION_TEMP             ; 0                                          ; --            ; --          ; --             ;
; MISC_FILE                          ; E:/my design_fpga/frequency/ohyes/freq.dpf ; --            ; --          ; --             ;
; PARTITION_COLOR                    ; 16764057                                   ; --            ; --          ; Top            ;
; PARTITION_NETLIST_TYPE             ; SOURCE                                     ; --            ; --          ; Top            ;
; USE_GENERATED_PHYSICAL_CONSTRAINTS ; Off                                        ; --            ; --          ; eda_blast_fpga ;
+------------------------------------+--------------------------------------------+---------------+-------------+----------------+


+-----------------------------------------------------------------------------------------------------------------------------+
; Flow Elapsed Time                                                                                                           ;
+-------------------------+--------------+-------------------------+---------------------+------------------------------------+
; Module Name             ; Elapsed Time ; Average Processors Used ; Peak Virtual Memory ; Total CPU Time (on all processors) ;
+-------------------------+--------------+-------------------------+---------------------+------------------------------------+
; Analysis & Synthesis    ; 00:00:30     ; 1.0                     ; 306 MB              ; 00:00:28                           ;
; Fitter                  ; 00:00:34     ; 1.5                     ; 253 MB              ; 00:00:42                           ;
; Assembler               ; 00:00:05     ; 1.0                     ; 197 MB              ; 00:00:04                           ;
; Classic Timing Analyzer ; 00:00:05     ; 1.0                     ; 188 MB              ; 00:00:06                           ;
; Total                   ; 00:01:14     ; --                      ; --                  ; 00:01:20                           ;
+-------------------------+--------------+-------------------------+---------------------+------------------------------------+


+------------------------------------------------------------------------------------------+
; Flow OS Summary                                                                          ;
+-------------------------+------------------+---------------+------------+----------------+
; Module Name             ; Machine Hostname ; OS Name       ; OS Version ; Processor type ;
+-------------------------+------------------+---------------+------------+----------------+
; Analysis & Synthesis    ; lenovo-PC        ; Windows Vista ; 6.1        ; i686           ;
; Fitter                  ; lenovo-PC        ; Windows Vista ; 6.1        ; i686           ;
; Assembler               ; lenovo-PC        ; Windows Vista ; 6.1        ; i686           ;
; Classic Timing Analyzer ; lenovo-PC        ; Windows Vista ; 6.1        ; i686           ;
+-------------------------+------------------+---------------+------------+----------------+


------------
; Flow Log ;
------------
quartus_map --read_settings_files=on --write_settings_files=off freq -c freq
quartus_fit --read_settings_files=off --write_settings_files=off freq -c freq
quartus_asm --read_settings_files=off --write_settings_files=off freq -c freq
quartus_tan --read_settings_files=off --write_settings_files=off freq -c freq --timing_analysis_only



