Flow report for Frequency_Counter
Mon May 10 13:19:41 2010
Quartus II Version 9.1 Build 350 03/24/2010 Service Pack 2 SJ Full Version


---------------------
; Table of Contents ;
---------------------
  1. Legal Notice
  2. Flow Summary
  3. Flow Settings
  4. Flow Non-Default Global Settings
  5. Flow Elapsed Time
  6. Flow OS Summary
  7. Flow Log



----------------
; Legal Notice ;
----------------
Copyright (C) 1991-2010 Altera Corporation
Your use of Altera Corporation's design tools, logic functions 
and other software and tools, and its AMPP partner logic 
functions, and any output files from any of the foregoing 
(including device programming or simulation files), and any 
associated documentation or information are expressly subject 
to the terms and conditions of the Altera Program License 
Subscription Agreement, Altera MegaCore Function License 
Agreement, or other applicable license agreement, including, 
without limitation, that your use is for the sole purpose of 
programming logic devices manufactured by Altera and sold by 
Altera or its authorized distributors.  Please refer to the 
applicable agreement for further details.



+-------------------------------------------------------------------------+
; Flow Summary                                                            ;
+-------------------------+-----------------------------------------------+
; Flow Status             ; Successful - Mon May 10 13:19:41 2010         ;
; Quartus II Version      ; 9.1 Build 350 03/24/2010 SP 2 SJ Full Version ;
; Revision Name           ; Frequency_Counter                             ;
; Top-level Entity Name   ; Frequency_Counter                             ;
; Family                  ; MAX II                                        ;
; Device                  ; EPM240T100C5                                  ;
; Timing Models           ; Final                                         ;
; Met timing requirements ; No                                            ;
; Total logic elements    ; 141 / 240 ( 59 % )                            ;
; Total pins              ; 15 / 80 ( 19 % )                              ;
; Total virtual pins      ; 0                                             ;
; UFM blocks              ; 0 / 1 ( 0 % )                                 ;
+-------------------------+-----------------------------------------------+


+-----------------------------------------+
; Flow Settings                           ;
+-------------------+---------------------+
; Option            ; Setting             ;
+-------------------+---------------------+
; Start date & time ; 05/10/2010 13:19:21 ;
; Main task         ; Compilation         ;
; Revision Name     ; Frequency_Counter   ;
+-------------------+---------------------+


+-----------------------------------------------------------------------------------------------------------------------------------------------------------------------------------+
; Flow Non-Default Global Settings                                                                                                                                                  ;
+---------------------------------------+--------------------------------------------------------------------------------------------+---------------+-------------+----------------+
; Assignment Name                       ; Value                                                                                      ; Default Value ; Entity Name ; Section Id     ;
+---------------------------------------+--------------------------------------------------------------------------------------------+---------------+-------------+----------------+
; COMPILER_SIGNATURE_ID                 ; 113613546168.127346876102980                                                               ; --            ; --          ; --             ;
; MAX_CORE_JUNCTION_TEMP                ; 85                                                                                         ; --            ; --          ; --             ;
; MIN_CORE_JUNCTION_TEMP                ; 0                                                                                          ; --            ; --          ; --             ;
; MISC_FILE                             ; D:/V_Projects/EP2C8Q208C8N/EPM240_Frequency_Counter/Frequency_Counter.dpf                  ; --            ; --          ; --             ;
; MISC_FILE                             ; D:/V_Projects/EP2C8Q208C8N/EPM240_Frequency_Counter_2/Frequency_Counter.dpf                ; --            ; --          ; --             ;
; MISC_FILE                             ; D:/V_Projects/EP2C8Q208C8N/Frequency_Design/EPM240_Frequency_Counter/Frequency_Counter.dpf ; --            ; --          ; --             ;
; POWER_EXT_SUPPLY_VOLTAGE_TO_REGULATOR ; 3.3V                                                                                       ; --            ; --          ; --             ;
; USE_GENERATED_PHYSICAL_CONSTRAINTS    ; Off                                                                                        ; --            ; --          ; eda_blast_fpga ;
+---------------------------------------+--------------------------------------------------------------------------------------------+---------------+-------------+----------------+


+-----------------------------------------------------------------------------------------------------------------------------+
; Flow Elapsed Time                                                                                                           ;
+-------------------------+--------------+-------------------------+---------------------+------------------------------------+
; Module Name             ; Elapsed Time ; Average Processors Used ; Peak Virtual Memory ; Total CPU Time (on all processors) ;
+-------------------------+--------------+-------------------------+---------------------+------------------------------------+
; Analysis & Synthesis    ; 00:00:04     ; 1.0                     ; 166 MB              ; 00:00:02                           ;
; Fitter                  ; 00:00:04     ; 1.0                     ; 162 MB              ; 00:00:02                           ;
; Assembler               ; 00:00:02     ; 1.0                     ; 141 MB              ; 00:00:01                           ;
; Classic Timing Analyzer ; 00:00:02     ; 1.0                     ; 112 MB              ; 00:00:01                           ;
; Total                   ; 00:00:12     ; --                      ; --                  ; 00:00:06                           ;
+-------------------------+--------------+-------------------------+---------------------+------------------------------------+


+---------------------------------------------------------------------------------------+
; Flow OS Summary                                                                       ;
+-------------------------+------------------+------------+------------+----------------+
; Module Name             ; Machine Hostname ; OS Name    ; OS Version ; Processor type ;
+-------------------------+------------------+------------+------------+----------------+
; Analysis & Synthesis    ; china-838758a41  ; Windows XP ; 5.1        ; i686           ;
; Fitter                  ; china-838758a41  ; Windows XP ; 5.1        ; i686           ;
; Assembler               ; china-838758a41  ; Windows XP ; 5.1        ; i686           ;
; Classic Timing Analyzer ; china-838758a41  ; Windows XP ; 5.1        ; i686           ;
+-------------------------+------------------+------------+------------+----------------+


------------
; Flow Log ;
------------
quartus_map --read_settings_files=on --write_settings_files=off Frequency_Counter -c Frequency_Counter
quartus_fit --read_settings_files=off --write_settings_files=off Frequency_Counter -c Frequency_Counter
quartus_asm --read_settings_files=off --write_settings_files=off Frequency_Counter -c Frequency_Counter
quartus_tan --read_settings_files=off --write_settings_files=off Frequency_Counter -c Frequency_Counter



