Flow report for main
Sat Jul 23 15:17:30 2011
Quartus II Version 9.1 Build 222 10/21/2009 SJ Full Version


---------------------
; Table of Contents ;
---------------------
  1. Legal Notice
  2. Flow Summary
  3. Flow Settings
  4. Flow Non-Default Global Settings
  5. Flow Elapsed Time
  6. Flow OS Summary
  7. Flow Log



----------------
; Legal Notice ;
----------------
Copyright (C) 1991-2009 Altera Corporation
Your use of Altera Corporation's design tools, logic functions 
and other software and tools, and its AMPP partner logic 
functions, and any output files from any of the foregoing 
(including device programming or simulation files), and any 
associated documentation or information are expressly subject 
to the terms and conditions of the Altera Program License 
Subscription Agreement, Altera MegaCore Function License 
Agreement, or other applicable license agreement, including, 
without limitation, that your use is for the sole purpose of 
programming logic devices manufactured by Altera and sold by 
Altera or its authorized distributors.  Please refer to the 
applicable agreement for further details.



+-------------------------------------------------------------------------------+
; Flow Summary                                                                  ;
+------------------------------------+------------------------------------------+
; Flow Status                        ; Successful - Sat Jul 23 15:17:30 2011    ;
; Quartus II Version                 ; 9.1 Build 222 10/21/2009 SJ Full Version ;
; Revision Name                      ; main                                     ;
; Top-level Entity Name              ; main                                     ;
; Family                             ; Cyclone II                               ;
; Device                             ; EP2C8Q208C8                              ;
; Timing Models                      ; Final                                    ;
; Met timing requirements            ; No                                       ;
; Total logic elements               ; 301 / 8,256 ( 4 % )                      ;
;     Total combinational functions  ; 285 / 8,256 ( 3 % )                      ;
;     Dedicated logic registers      ; 192 / 8,256 ( 2 % )                      ;
; Total registers                    ; 192                                      ;
; Total pins                         ; 20 / 138 ( 14 % )                        ;
; Total virtual pins                 ; 0                                        ;
; Total memory bits                  ; 0 / 165,888 ( 0 % )                      ;
; Embedded Multiplier 9-bit elements ; 0 / 36 ( 0 % )                           ;
; Total PLLs                         ; 0 / 2 ( 0 % )                            ;
+------------------------------------+------------------------------------------+


+-----------------------------------------+
; Flow Settings                           ;
+-------------------+---------------------+
; Option            ; Setting             ;
+-------------------+---------------------+
; Start date & time ; 07/23/2011 15:17:14 ;
; Main task         ; Compilation         ;
; Revision Name     ; main                ;
+-------------------+---------------------+


+---------------------------------------------------------------------------------------------------------------+
; Flow Non-Default Global Settings                                                                              ;
+------------------------+-------------------------------------------+---------------+-------------+------------+
; Assignment Name        ; Value                                     ; Default Value ; Entity Name ; Section Id ;
+------------------------+-------------------------------------------+---------------+-------------+------------+
; COMPILER_SIGNATURE_ID  ; 213606327301503.131140543406352           ; --            ; --          ; --         ;
; MAX_CORE_JUNCTION_TEMP ; 85                                        ; --            ; --          ; --         ;
; MIN_CORE_JUNCTION_TEMP ; 0                                         ; --            ; --          ; --         ;
; MISC_FILE              ; E:/my design_fpga/frequency/main/main.dpf ; --            ; --          ; --         ;
+------------------------+-------------------------------------------+---------------+-------------+------------+


+-----------------------------------------------------------------------------------------------------------------------------+
; Flow Elapsed Time                                                                                                           ;
+-------------------------+--------------+-------------------------+---------------------+------------------------------------+
; Module Name             ; Elapsed Time ; Average Processors Used ; Peak Virtual Memory ; Total CPU Time (on all processors) ;
+-------------------------+--------------+-------------------------+---------------------+------------------------------------+
; Analysis & Synthesis    ; 00:00:03     ; 1.0                     ; 199 MB              ; 00:00:04                           ;
; Fitter                  ; 00:00:07     ; 1.3                     ; 224 MB              ; 00:00:09                           ;
; Assembler               ; 00:00:02     ; 1.0                     ; 191 MB              ; 00:00:02                           ;
; Classic Timing Analyzer ; 00:00:01     ; 1.0                     ; 149 MB              ; 00:00:02                           ;
; Total                   ; 00:00:13     ; --                      ; --                  ; 00:00:17                           ;
+-------------------------+--------------+-------------------------+---------------------+------------------------------------+


+------------------------------------------------------------------------------------------+
; Flow OS Summary                                                                          ;
+-------------------------+------------------+---------------+------------+----------------+
; Module Name             ; Machine Hostname ; OS Name       ; OS Version ; Processor type ;
+-------------------------+------------------+---------------+------------+----------------+
; Analysis & Synthesis    ; lenovo-PC        ; Windows Vista ; 6.1        ; i686           ;
; Fitter                  ; lenovo-PC        ; Windows Vista ; 6.1        ; i686           ;
; Assembler               ; lenovo-PC        ; Windows Vista ; 6.1        ; i686           ;
; Classic Timing Analyzer ; lenovo-PC        ; Windows Vista ; 6.1        ; i686           ;
+-------------------------+------------------+---------------+------------+----------------+


------------
; Flow Log ;
------------
quartus_map --read_settings_files=on --write_settings_files=off main -c main
quartus_fit --read_settings_files=off --write_settings_files=off main -c main
quartus_asm --read_settings_files=off --write_settings_files=off main -c main
quartus_tan --read_settings_files=off --write_settings_files=off main -c main --timing_analysis_only



