Flow report for cpj
Sat Jul 07 16:04:06 2012
Quartus II 32-bit Version 11.1 Build 173 11/01/2011 SJ Web Edition


---------------------
; Table of Contents ;
---------------------
  1. Legal Notice
  2. Flow Summary
  3. Flow Settings
  4. Flow Non-Default Global Settings
  5. Flow Elapsed Time
  6. Flow OS Summary
  7. Flow Log



----------------
; Legal Notice ;
----------------
Copyright (C) 1991-2011 Altera Corporation
Your use of Altera Corporation's design tools, logic functions 
and other software and tools, and its AMPP partner logic 
functions, and any output files from any of the foregoing 
(including device programming or simulation files), and any 
associated documentation or information are expressly subject 
to the terms and conditions of the Altera Program License 
Subscription Agreement, Altera MegaCore Function License 
Agreement, or other applicable license agreement, including, 
without limitation, that your use is for the sole purpose of 
programming logic devices manufactured by Altera and sold by 
Altera or its authorized distributors.  Please refer to the 
applicable agreement for further details.



+-------------------------------------------------------------------------------+
; Flow Summary                                                                  ;
+------------------------------------+------------------------------------------+
; Flow Status                        ; Successful - Sat Jul 07 16:04:06 2012    ;
; Quartus II 32-bit Version          ; 11.1 Build 173 11/01/2011 SJ Web Edition ;
; Revision Name                      ; cpj                                      ;
; Top-level Entity Name              ; cpj                                      ;
; Family                             ; Cyclone II                               ;
; Device                             ; EP2C5T144C8                              ;
; Timing Models                      ; Final                                    ;
; Total logic elements               ; 180 / 4,608 ( 4 % )                      ;
;     Total combinational functions  ; 180 / 4,608 ( 4 % )                      ;
;     Dedicated logic registers      ; 101 / 4,608 ( 2 % )                      ;
; Total registers                    ; 101                                      ;
; Total pins                         ; 18 / 89 ( 20 % )                         ;
; Total virtual pins                 ; 0                                        ;
; Total memory bits                  ; 0 / 119,808 ( 0 % )                      ;
; Embedded Multiplier 9-bit elements ; 0 / 26 ( 0 % )                           ;
; Total PLLs                         ; 0 / 2 ( 0 % )                            ;
+------------------------------------+------------------------------------------+


+-----------------------------------------+
; Flow Settings                           ;
+-------------------+---------------------+
; Option            ; Setting             ;
+-------------------+---------------------+
; Start date & time ; 07/07/2012 16:03:29 ;
; Main task         ; Compilation         ;
; Revision Name     ; cpj                 ;
+-------------------+---------------------+


+-----------------------------------------------------------------------------------------------------------------------------------+
; Flow Non-Default Global Settings                                                                                                  ;
+--------------------------------------------+---------------------------------------+---------------+-------------+----------------+
; Assignment Name                            ; Value                                 ; Default Value ; Entity Name ; Section Id     ;
+--------------------------------------------+---------------------------------------+---------------+-------------+----------------+
; COMPILER_SIGNATURE_ID                      ; 213606327301503.134164820906772       ; --            ; --          ; --             ;
; DO_MIN_ANALYSIS                            ; On                                    ; Off           ; --          ; --             ;
; EDA_INCLUDE_VHDL_CONFIGURATION_DECLARATION ; On                                    ; --            ; --          ; eda_simulation ;
; EDA_OUTPUT_DATA_FORMAT                     ; Verilog                               ; --            ; --          ; eda_simulation ;
; EDA_SIMULATION_TOOL                        ; ModelSim-Altera (Verilog)             ; <None>        ; --          ; --             ;
; EDA_TIME_SCALE                             ; 100 us                                ; --            ; --          ; eda_simulation ;
; ENABLE_LOGIC_ANALYZER_INTERFACE            ; On                                    ; --            ; --          ; --             ;
; ENABLE_SIGNALTAP                           ; On                                    ; --            ; --          ; --             ;
; OUTPUT_PIN_LOAD                            ; 2                                     ; --            ; --          ; LVTTL          ;
; PARTITION_COLOR                            ; 16764057                              ; --            ; --          ; Top            ;
; PARTITION_FITTER_PRESERVATION_LEVEL        ; PLACEMENT_AND_ROUTING                 ; --            ; --          ; Top            ;
; PARTITION_NETLIST_TYPE                     ; SOURCE                                ; --            ; --          ; Top            ;
; POWER_BOARD_THERMAL_MODEL                  ; None (CONSERVATIVE)                   ; --            ; --          ; --             ;
; POWER_PRESET_COOLING_SOLUTION              ; 23 MM HEAT SINK WITH 200 LFPM AIRFLOW ; --            ; --          ; --             ;
; SMART_RECOMPILE                            ; On                                    ; Off           ; --          ; --             ;
; TCO_REQUIREMENT                            ; 0.1 ns                                ; --            ; --          ; --             ;
; TH_REQUIREMENT                             ; 0.1 ns                                ; --            ; --          ; --             ;
; TPD_REQUIREMENT                            ; 0.1 ns                                ; --            ; --          ; --             ;
; TSU_REQUIREMENT                            ; 0.1 ns                                ; --            ; --          ; --             ;
; USE_LOGIC_ANALYZER_INTERFACE_FILE          ; lai1.lai                              ; --            ; --          ; --             ;
; USE_SIGNALTAP_FILE                         ; stp1.stp                              ; --            ; --          ; --             ;
+--------------------------------------------+---------------------------------------+---------------+-------------+----------------+


+-------------------------------------------------------------------------------------------------------------------------------+
; Flow Elapsed Time                                                                                                             ;
+---------------------------+--------------+-------------------------+---------------------+------------------------------------+
; Module Name               ; Elapsed Time ; Average Processors Used ; Peak Virtual Memory ; Total CPU Time (on all processors) ;
+---------------------------+--------------+-------------------------+---------------------+------------------------------------+
; Analysis & Synthesis      ; 00:00:07     ; 1.0                     ; 274 MB              ; 00:00:06                           ;
; Fitter                    ; 00:00:09     ; 1.3                     ; 331 MB              ; 00:00:09                           ;
; Assembler                 ; 00:00:07     ; 1.0                     ; 258 MB              ; 00:00:05                           ;
; TimeQuest Timing Analyzer ; 00:00:09     ; 1.0                     ; 261 MB              ; 00:00:07                           ;
; EDA Netlist Writer        ; 00:00:06     ; 1.0                     ; 236 MB              ; 00:00:05                           ;
; Total                     ; 00:00:38     ; --                      ; --                  ; 00:00:32                           ;
+---------------------------+--------------+-------------------------+---------------------+------------------------------------+


+----------------------------------------------------------------------------------------+
; Flow OS Summary                                                                        ;
+---------------------------+------------------+-----------+------------+----------------+
; Module Name               ; Machine Hostname ; OS Name   ; OS Version ; Processor type ;
+---------------------------+------------------+-----------+------------+----------------+
; Analysis & Synthesis      ; lenovo-PC        ; Windows 7 ; 6.1        ; i686           ;
; Fitter                    ; lenovo-PC        ; Windows 7 ; 6.1        ; i686           ;
; Assembler                 ; lenovo-PC        ; Windows 7 ; 6.1        ; i686           ;
; TimeQuest Timing Analyzer ; lenovo-PC        ; Windows 7 ; 6.1        ; i686           ;
; EDA Netlist Writer        ; lenovo-PC        ; Windows 7 ; 6.1        ; i686           ;
+---------------------------+------------------+-----------+------------+----------------+


------------
; Flow Log ;
------------
quartus_map --read_settings_files=on --write_settings_files=off cpj -c cpj
quartus_fit --read_settings_files=off --write_settings_files=off cpj -c cpj
quartus_asm --read_settings_files=off --write_settings_files=off cpj -c cpj
quartus_sta cpj -c cpj
quartus_eda --read_settings_files=off --write_settings_files=off cpj -c cpj



