Analysis & Synthesis report for cpj
Sat Jul 07 16:03:33 2012
Quartus II 32-bit Version 11.1 Build 173 11/01/2011 SJ Web Edition


---------------------
; Table of Contents ;
---------------------
  1. Legal Notice
  2. Analysis & Synthesis Summary
  3. Analysis & Synthesis Settings
  4. Parallel Compilation
  5. Analysis & Synthesis Source Files Read
  6. Analysis & Synthesis Resource Usage Summary
  7. Analysis & Synthesis Resource Utilization by Entity
  8. User-Specified and Inferred Latches
  9. General Register Statistics
 10. Multiplexer Restructuring Statistics (Restructuring Performed)
 11. Elapsed Time Per Partition
 12. Analysis & Synthesis Messages
 13. Analysis & Synthesis Suppressed Messages



----------------
; Legal Notice ;
----------------
Copyright (C) 1991-2011 Altera Corporation
Your use of Altera Corporation's design tools, logic functions 
and other software and tools, and its AMPP partner logic 
functions, and any output files from any of the foregoing 
(including device programming or simulation files), and any 
associated documentation or information are expressly subject 
to the terms and conditions of the Altera Program License 
Subscription Agreement, Altera MegaCore Function License 
Agreement, or other applicable license agreement, including, 
without limitation, that your use is for the sole purpose of 
programming logic devices manufactured by Altera and sold by 
Altera or its authorized distributors.  Please refer to the 
applicable agreement for further details.



+-------------------------------------------------------------------------------+
; Analysis & Synthesis Summary                                                  ;
+------------------------------------+------------------------------------------+
; Analysis & Synthesis Status        ; Successful - Sat Jul 07 16:03:33 2012    ;
; Quartus II 32-bit Version          ; 11.1 Build 173 11/01/2011 SJ Web Edition ;
; Revision Name                      ; cpj                                      ;
; Top-level Entity Name              ; cpj                                      ;
; Family                             ; Cyclone II                               ;
; Total logic elements               ; 180                                      ;
;     Total combinational functions  ; 179                                      ;
;     Dedicated logic registers      ; 101                                      ;
; Total registers                    ; 101                                      ;
; Total pins                         ; 18                                       ;
; Total virtual pins                 ; 0                                        ;
; Total memory bits                  ; 0                                        ;
; Embedded Multiplier 9-bit elements ; 0                                        ;
; Total PLLs                         ; 0                                        ;
+------------------------------------+------------------------------------------+


+----------------------------------------------------------------------------------------------------------------------+
; Analysis & Synthesis Settings                                                                                        ;
+----------------------------------------------------------------------------+--------------------+--------------------+
; Option                                                                     ; Setting            ; Default Value      ;
+----------------------------------------------------------------------------+--------------------+--------------------+
; Device                                                                     ; EP2C5T144C8        ;                    ;
; Top-level entity name                                                      ; cpj                ; cpj                ;
; Family name                                                                ; Cyclone II         ; Stratix            ;
; Use smart compilation                                                      ; On                 ; Off                ;
; Enable parallel Assembler and TimeQuest Timing Analyzer during compilation ; On                 ; On                 ;
; Enable compact report table                                                ; Off                ; Off                ;
; Restructure Multiplexers                                                   ; Auto               ; Auto               ;
; Create Debugging Nodes for IP Cores                                        ; Off                ; Off                ;
; Preserve fewer node names                                                  ; On                 ; On                 ;
; Disable OpenCore Plus hardware evaluation                                  ; Off                ; Off                ;
; Verilog Version                                                            ; Verilog_2001       ; Verilog_2001       ;
; VHDL Version                                                               ; VHDL_1993          ; VHDL_1993          ;
; State Machine Processing                                                   ; Auto               ; Auto               ;
; Safe State Machine                                                         ; Off                ; Off                ;
; Extract Verilog State Machines                                             ; On                 ; On                 ;
; Extract VHDL State Machines                                                ; On                 ; On                 ;
; Ignore Verilog initial constructs                                          ; Off                ; Off                ;
; Iteration limit for constant Verilog loops                                 ; 5000               ; 5000               ;
; Iteration limit for non-constant Verilog loops                             ; 250                ; 250                ;
; Add Pass-Through Logic to Inferred RAMs                                    ; On                 ; On                 ;
; Infer RAMs from Raw Logic                                                  ; On                 ; On                 ;
; Parallel Synthesis                                                         ; Off                ; Off                ;
; DSP Block Balancing                                                        ; Auto               ; Auto               ;
; NOT Gate Push-Back                                                         ; On                 ; On                 ;
; Power-Up Don't Care                                                        ; On                 ; On                 ;
; Remove Redundant Logic Cells                                               ; Off                ; Off                ;
; Remove Duplicate Registers                                                 ; On                 ; On                 ;
; Ignore CARRY Buffers                                                       ; Off                ; Off                ;
; Ignore CASCADE Buffers                                                     ; Off                ; Off                ;
; Ignore GLOBAL Buffers                                                      ; Off                ; Off                ;
; Ignore ROW GLOBAL Buffers                                                  ; Off                ; Off                ;
; Ignore LCELL Buffers                                                       ; Off                ; Off                ;
; Ignore SOFT Buffers                                                        ; On                 ; On                 ;
; Limit AHDL Integers to 32 Bits                                             ; Off                ; Off                ;
; Optimization Technique                                                     ; Balanced           ; Balanced           ;
; Carry Chain Length                                                         ; 70                 ; 70                 ;
; Auto Carry Chains                                                          ; On                 ; On                 ;
; Auto Open-Drain Pins                                                       ; On                 ; On                 ;
; Perform WYSIWYG Primitive Resynthesis                                      ; Off                ; Off                ;
; Auto ROM Replacement                                                       ; On                 ; On                 ;
; Auto RAM Replacement                                                       ; On                 ; On                 ;
; Auto Shift Register Replacement                                            ; Auto               ; Auto               ;
; Allow Shift Register Merging across Hierarchies                            ; Auto               ; Auto               ;
; Auto Clock Enable Replacement                                              ; On                 ; On                 ;
; Strict RAM Replacement                                                     ; Off                ; Off                ;
; Allow Synchronous Control Signals                                          ; On                 ; On                 ;
; Force Use of Synchronous Clear Signals                                     ; Off                ; Off                ;
; Auto RAM to Logic Cell Conversion                                          ; Off                ; Off                ;
; Auto Resource Sharing                                                      ; Off                ; Off                ;
; Allow Any RAM Size For Recognition                                         ; Off                ; Off                ;
; Allow Any ROM Size For Recognition                                         ; Off                ; Off                ;
; Allow Any Shift Register Size For Recognition                              ; Off                ; Off                ;
; Use LogicLock Constraints during Resource Balancing                        ; On                 ; On                 ;
; Ignore translate_off and synthesis_off directives                          ; Off                ; Off                ;
; Timing-Driven Synthesis                                                    ; Off                ; Off                ;
; Report Parameter Settings                                                  ; On                 ; On                 ;
; Report Source Assignments                                                  ; On                 ; On                 ;
; Report Connectivity Checks                                                 ; On                 ; On                 ;
; Ignore Maximum Fan-Out Assignments                                         ; Off                ; Off                ;
; Synchronization Register Chain Length                                      ; 2                  ; 2                  ;
; PowerPlay Power Optimization                                               ; Normal compilation ; Normal compilation ;
; HDL message level                                                          ; Level2             ; Level2             ;
; Suppress Register Optimization Related Messages                            ; Off                ; Off                ;
; Number of Removed Registers Reported in Synthesis Report                   ; 100                ; 100                ;
; Number of Inverted Registers Reported in Synthesis Report                  ; 100                ; 100                ;
; Clock MUX Protection                                                       ; On                 ; On                 ;
; Auto Gated Clock Conversion                                                ; Off                ; Off                ;
; Block Design Naming                                                        ; Auto               ; Auto               ;
; SDC constraint protection                                                  ; Off                ; Off                ;
; Synthesis Effort                                                           ; Auto               ; Auto               ;
; Shift Register Replacement - Allow Asynchronous Clear Signal               ; On                 ; On                 ;
; Analysis & Synthesis Message Level                                         ; Medium             ; Medium             ;
; Disable Register Merging Across Hierarchies                                ; Auto               ; Auto               ;
; Resource Aware Inference For Block RAM                                     ; On                 ; On                 ;
; Synthesis Seed                                                             ; 1                  ; 1                  ;
+----------------------------------------------------------------------------+--------------------+--------------------+


+------------------------------------------+
; Parallel Compilation                     ;
+----------------------------+-------------+
; Processors                 ; Number      ;
+----------------------------+-------------+
; Number detected on machine ; 2           ;
; Maximum allowed            ; 2           ;
;                            ;             ;
; Average used               ; 1.00        ;
; Maximum used               ; 1           ;
;                            ;             ;
; Usage by Processor         ; % Time Used ;
;     1 processor            ; 100.0%      ;
;     2 processors           ;   0.0%      ;
+----------------------------+-------------+


+--------------------------------------------------------------------------------------------------------------------------------------+
; Analysis & Synthesis Source Files Read                                                                                               ;
+----------------------------------+-----------------+------------------------+--------------------------------------------------------+
; File Name with User-Entered Path ; Used in Netlist ; File Type              ; File Name with Absolute Path                           ;
+----------------------------------+-----------------+------------------------+--------------------------------------------------------+
; cpj.v                            ; yes             ; User Verilog HDL File  ; E:/FPGA/ohyeslk_fpga/frequency/frequency―等精度/cpj.v ;
+----------------------------------+-----------------+------------------------+--------------------------------------------------------+


+-----------------------------------------------------+
; Analysis & Synthesis Resource Usage Summary         ;
+---------------------------------------------+-------+
; Resource                                    ; Usage ;
+---------------------------------------------+-------+
; Estimated Total logic elements              ; 180   ;
;                                             ;       ;
; Total combinational functions               ; 179   ;
; Logic element usage by number of LUT inputs ;       ;
;     -- 4 input functions                    ; 71    ;
;     -- 3 input functions                    ; 12    ;
;     -- <=2 input functions                  ; 96    ;
;                                             ;       ;
; Logic elements by mode                      ;       ;
;     -- normal mode                          ; 88    ;
;     -- arithmetic mode                      ; 91    ;
;                                             ;       ;
; Total registers                             ; 101   ;
;     -- Dedicated logic registers            ; 101   ;
;     -- I/O registers                        ; 0     ;
;                                             ;       ;
; I/O pins                                    ; 18    ;
; Maximum fan-out node                        ; clr   ;
; Maximum fan-out                             ; 109   ;
; Total fan-out                               ; 885   ;
; Average fan-out                             ; 2.97  ;
+---------------------------------------------+-------+


+-----------------------------------------------------------------------------------------------------------------------------------------------------------------------------+
; Analysis & Synthesis Resource Utilization by Entity                                                                                                                         ;
+----------------------------+-------------------+--------------+-------------+--------------+---------+-----------+------+--------------+---------------------+--------------+
; Compilation Hierarchy Node ; LC Combinationals ; LC Registers ; Memory Bits ; DSP Elements ; DSP 9x9 ; DSP 18x18 ; Pins ; Virtual Pins ; Full Hierarchy Name ; Library Name ;
+----------------------------+-------------------+--------------+-------------+--------------+---------+-----------+------+--------------+---------------------+--------------+
; |cpj                       ; 179 (0)           ; 101 (0)      ; 0           ; 0            ; 0       ; 0         ; 18   ; 0            ; |cpj                ;              ;
;    |bzjs:comb_5|           ; 43 (43)           ; 33 (33)      ; 0           ; 0            ; 0       ; 0         ; 0    ; 0            ; |cpj|bzjs:comb_5    ;              ;
;    |mux4to1:comb_6|        ; 48 (48)           ; 0 (0)        ; 0           ; 0            ; 0       ; 0         ; 0    ; 0            ; |cpj|mux4to1:comb_6 ;              ;
;    |rmk:comb_3|            ; 45 (45)           ; 34 (34)      ; 0           ; 0            ; 0       ; 0         ; 0    ; 0            ; |cpj|rmk:comb_3     ;              ;
;    |sjzm:comb_4|           ; 43 (43)           ; 34 (34)      ; 0           ; 0            ; 0       ; 0         ; 0    ; 0            ; |cpj|sjzm:comb_4    ;              ;
+----------------------------+-------------------+--------------+-------------+--------------+---------+-----------+------+--------------+---------------------+--------------+
Note: For table entries with two numbers listed, the numbers in parentheses indicate the number of resources of the given type used by the specific entity alone. The numbers listed outside of parentheses indicate the total resources of the given type used by the specific entity and all of its sub-entities in the hierarchy.


+---------------------------------------------------------------------------------------------------+
; User-Specified and Inferred Latches                                                               ;
+----------------------------------------------------+---------------------+------------------------+
; Latch Name                                         ; Latch Enable Signal ; Free of Timing Hazards ;
+----------------------------------------------------+---------------------+------------------------+
; mux4to1:comb_6|out8[0]                             ; bzjs:comb_5|load    ; yes                    ;
; mux4to1:comb_6|out8[1]                             ; bzjs:comb_5|load    ; yes                    ;
; mux4to1:comb_6|out8[2]                             ; bzjs:comb_5|load    ; yes                    ;
; mux4to1:comb_6|out8[3]                             ; bzjs:comb_5|load    ; yes                    ;
; mux4to1:comb_6|out8[4]                             ; bzjs:comb_5|load    ; yes                    ;
; mux4to1:comb_6|out8[5]                             ; bzjs:comb_5|load    ; yes                    ;
; mux4to1:comb_6|out8[6]                             ; bzjs:comb_5|load    ; yes                    ;
; mux4to1:comb_6|out8[7]                             ; bzjs:comb_5|load    ; yes                    ;
; Number of user-specified and inferred latches = 8  ;                     ;                        ;
+----------------------------------------------------+---------------------+------------------------+
Note: All latches listed above may not be present at the end of synthesis due to various synthesis optimizations.


+------------------------------------------------------+
; General Register Statistics                          ;
+----------------------------------------------+-------+
; Statistic                                    ; Value ;
+----------------------------------------------+-------+
; Total registers                              ; 101   ;
; Number of registers using Synchronous Clear  ; 0     ;
; Number of registers using Synchronous Load   ; 1     ;
; Number of registers using Asynchronous Clear ; 101   ;
; Number of registers using Asynchronous Load  ; 0     ;
; Number of registers using Clock Enable       ; 64    ;
; Number of registers using Preset             ; 0     ;
+----------------------------------------------+-------+


+--------------------------------------------------------------------------------------------------------------------------------------------------------+
; Multiplexer Restructuring Statistics (Restructuring Performed)                                                                                         ;
+--------------------+-----------+---------------+----------------------+------------------------+--------------------------+----------------------------+
; Multiplexer Inputs ; Bus Width ; Baseline Area ; Area if Restructured ; Saving if Restructured ; Registered               ; Example Multiplexer Output ;
+--------------------+-----------+---------------+----------------------+------------------------+--------------------------+----------------------------+
; 8:1                ; 8 bits    ; 40 LEs        ; 40 LEs               ; 0 LEs                  ; |cpj|mux4to1:comb_6|Mux6 ;                            ;
+--------------------+-----------+---------------+----------------------+------------------------+--------------------------+----------------------------+


+-------------------------------+
; Elapsed Time Per Partition    ;
+----------------+--------------+
; Partition Name ; Elapsed Time ;
+----------------+--------------+
; Top            ; 00:00:02     ;
+----------------+--------------+


+-------------------------------+
; Analysis & Synthesis Messages ;
+-------------------------------+
Info: *******************************************************************
Info: Running Quartus II 32-bit Analysis & Synthesis
    Info: Version 11.1 Build 173 11/01/2011 SJ Web Edition
    Info: Processing started: Sat Jul 07 16:03:25 2012
Info: Command: quartus_map --read_settings_files=on --write_settings_files=off cpj -c cpj
Critical Warning (138069): Setting INCREMENTAL_COMPILATION to "OFF" is no longer supported. Assignment is ignored. To disable partitions, set the IGNORE_PARTITIONS global assignment to "ON" instead.
Info (20030): Parallel compilation is enabled and will use 2 of the 2 processors detected
Info (12021): Found 5 design units, including 5 entities, in source file cpj.v
    Info (12023): Found entity 1: cpj
    Info (12023): Found entity 2: rmk
    Info (12023): Found entity 3: sjzm
    Info (12023): Found entity 4: bzjs
    Info (12023): Found entity 5: mux4to1
Info (12021): Found 1 design units, including 1 entities, in source file block1.bdf
    Info (12023): Found entity 1: Block1
Critical Warning (10846): Verilog HDL Instantiation warning at cpj.v(9): instance has no name
Critical Warning (10846): Verilog HDL Instantiation warning at cpj.v(10): instance has no name
Critical Warning (10846): Verilog HDL Instantiation warning at cpj.v(11): instance has no name
Critical Warning (10846): Verilog HDL Instantiation warning at cpj.v(12): instance has no name
Info (12127): Elaborating entity "cpj" for the top level hierarchy
Info (12128): Elaborating entity "rmk" for hierarchy "rmk:comb_3"
Info (12128): Elaborating entity "sjzm" for hierarchy "sjzm:comb_4"
Info (12128): Elaborating entity "bzjs" for hierarchy "bzjs:comb_5"
Info (12128): Elaborating entity "mux4to1" for hierarchy "mux4to1:comb_6"
Warning (10235): Verilog HDL Always Construct warning at cpj.v(156): variable "in32" is read inside the Always Construct but isn't in the Always Construct's Event Control
Warning (10235): Verilog HDL Always Construct warning at cpj.v(157): variable "in32" is read inside the Always Construct but isn't in the Always Construct's Event Control
Warning (10235): Verilog HDL Always Construct warning at cpj.v(158): variable "in32" is read inside the Always Construct but isn't in the Always Construct's Event Control
Warning (10235): Verilog HDL Always Construct warning at cpj.v(159): variable "in32" is read inside the Always Construct but isn't in the Always Construct's Event Control
Warning (10235): Verilog HDL Always Construct warning at cpj.v(160): variable "bzin32" is read inside the Always Construct but isn't in the Always Construct's Event Control
Warning (10235): Verilog HDL Always Construct warning at cpj.v(161): variable "bzin32" is read inside the Always Construct but isn't in the Always Construct's Event Control
Warning (10235): Verilog HDL Always Construct warning at cpj.v(162): variable "bzin32" is read inside the Always Construct but isn't in the Always Construct's Event Control
Warning (10235): Verilog HDL Always Construct warning at cpj.v(163): variable "bzin32" is read inside the Always Construct but isn't in the Always Construct's Event Control
Warning (10240): Verilog HDL Always Construct warning at cpj.v(150): inferring latch(es) for variable "out8", which holds its previous value in one or more paths through the always construct
Info (10041): Inferred latch for "out8[0]" at cpj.v(153)
Info (10041): Inferred latch for "out8[1]" at cpj.v(153)
Info (10041): Inferred latch for "out8[2]" at cpj.v(153)
Info (10041): Inferred latch for "out8[3]" at cpj.v(153)
Info (10041): Inferred latch for "out8[4]" at cpj.v(153)
Info (10041): Inferred latch for "out8[5]" at cpj.v(153)
Info (10041): Inferred latch for "out8[6]" at cpj.v(153)
Info (10041): Inferred latch for "out8[7]" at cpj.v(153)
Info (144001): Generated suppressed messages file E:/FPGA/ohyeslk_fpga/frequency/frequency―等精度/cpj.map.smsg
Critical Warning (138069): Setting INCREMENTAL_COMPILATION to "OFF" is no longer supported. Assignment is ignored. To disable partitions, set the IGNORE_PARTITIONS global assignment to "ON" instead.
Info (16010): Generating hard_block partition "hard_block:auto_generated_inst"
Warning (21074): Design contains 1 input pin(s) that do not drive logic
    Warning (15610): No output dependent on input pin "gate"
Info (21057): Implemented 199 device resources after synthesis - the final resource count might be different
    Info (21058): Implemented 7 input pins
    Info (21059): Implemented 11 output pins
    Info (21061): Implemented 181 logic cells
Info: Quartus II 32-bit Analysis & Synthesis was successful. 0 errors, 17 warnings
    Info: Peak virtual memory: 278 megabytes
    Info: Processing ended: Sat Jul 07 16:03:33 2012
    Info: Elapsed time: 00:00:08
    Info: Total CPU time (on all processors): 00:00:07


+------------------------------------------+
; Analysis & Synthesis Suppressed Messages ;
+------------------------------------------+
The suppressed messages can be found in E:/FPGA/ohyeslk_fpga/frequency/frequency―等精度/cpj.map.smsg.


