Assembler report for cpj
Sat Jul 07 16:03:54 2012
Quartus II 32-bit Version 11.1 Build 173 11/01/2011 SJ Web Edition


---------------------
; Table of Contents ;
---------------------
  1. Legal Notice
  2. Assembler Summary
  3. Assembler Settings
  4. Assembler Generated Files
  5. Assembler Device Options: E:/FPGA/ohyeslk_fpga/frequency/frequency―等精度/cpj.sof
  6. Assembler Device Options: E:/FPGA/ohyeslk_fpga/frequency/frequency―等精度/cpj.pof
  7. Assembler Messages



----------------
; Legal Notice ;
----------------
Copyright (C) 1991-2011 Altera Corporation
Your use of Altera Corporation's design tools, logic functions 
and other software and tools, and its AMPP partner logic 
functions, and any output files from any of the foregoing 
(including device programming or simulation files), and any 
associated documentation or information are expressly subject 
to the terms and conditions of the Altera Program License 
Subscription Agreement, Altera MegaCore Function License 
Agreement, or other applicable license agreement, including, 
without limitation, that your use is for the sole purpose of 
programming logic devices manufactured by Altera and sold by 
Altera or its authorized distributors.  Please refer to the 
applicable agreement for further details.



+---------------------------------------------------------------+
; Assembler Summary                                             ;
+-----------------------+---------------------------------------+
; Assembler Status      ; Successful - Sat Jul 07 16:03:54 2012 ;
; Revision Name         ; cpj                                   ;
; Top-level Entity Name ; cpj                                   ;
; Family                ; Cyclone II                            ;
; Device                ; EP2C5T144C8                           ;
+-----------------------+---------------------------------------+


+--------------------------------------------------------------------------------------------------------+
; Assembler Settings                                                                                     ;
+-----------------------------------------------------------------------------+----------+---------------+
; Option                                                                      ; Setting  ; Default Value ;
+-----------------------------------------------------------------------------+----------+---------------+
; Use smart compilation                                                       ; On       ; Off           ;
; Enable parallel Assembler and TimeQuest Timing Analyzer during compilation  ; On       ; On            ;
; Enable compact report table                                                 ; Off      ; Off           ;
; Generate a compressed Jam STAPL Byte Code 2.0 File (.jbc) for Target Device ; On       ; Off           ;
; Generate compressed bitstreams                                              ; On       ; On            ;
; Compression mode                                                            ; Off      ; Off           ;
; Clock source for configuration device                                       ; Internal ; Internal      ;
; Clock frequency of the configuration device                                 ; 10 MHZ   ; 10 MHz        ;
; Divide clock frequency by                                                   ; 1        ; 1             ;
; Auto user code                                                              ; Off      ; Off           ;
; Use configuration device                                                    ; On       ; On            ;
; Configuration device                                                        ; Auto     ; Auto          ;
; Configuration device auto user code                                         ; Off      ; Off           ;
; Generate Tabular Text File (.ttf) For Target Device                         ; Off      ; Off           ;
; Generate Raw Binary File (.rbf) For Target Device                           ; Off      ; Off           ;
; Generate Hexadecimal (Intel-Format) Output File (.hexout) for Target Device ; Off      ; Off           ;
; Hexadecimal Output File start address                                       ; 0        ; 0             ;
; Hexadecimal Output File count direction                                     ; Up       ; Up            ;
; Release clears before tri-states                                            ; Off      ; Off           ;
; Auto-restart configuration after error                                      ; On       ; On            ;
; Maintain Compatibility with All Cyclone II M4K Versions                     ; On       ; On            ;
; Generate Serial Vector Format File (.svf) for Target Device                 ; Off      ; Off           ;
; Generate a JEDEC STAPL Format File (.jam) for Target Device                 ; Off      ; Off           ;
; Generate a compressed Jam STAPL Byte Code 2.0 File (.jbc) for Target Device ; On       ; On            ;
+-----------------------------------------------------------------------------+----------+---------------+


+----------------------------------------------------------+
; Assembler Generated Files                                ;
+----------------------------------------------------------+
; File Name                                                ;
+----------------------------------------------------------+
; E:/FPGA/ohyeslk_fpga/frequency/frequency―等精度/cpj.sof ;
; E:/FPGA/ohyeslk_fpga/frequency/frequency―等精度/cpj.jbc ;
; E:/FPGA/ohyeslk_fpga/frequency/frequency―等精度/cpj.pof ;
+----------------------------------------------------------+


+------------------------------------------------------------------------------------+
; Assembler Device Options: E:/FPGA/ohyeslk_fpga/frequency/frequency―等精度/cpj.sof ;
+----------------+-------------------------------------------------------------------+
; Option         ; Setting                                                           ;
+----------------+-------------------------------------------------------------------+
; Device         ; EP2C5T144C8                                                       ;
; JTAG usercode  ; 0xFFFFFFFF                                                        ;
; Checksum       ; 0x0008AA6A                                                        ;
+----------------+-------------------------------------------------------------------+


+------------------------------------------------------------------------------------+
; Assembler Device Options: E:/FPGA/ohyeslk_fpga/frequency/frequency―等精度/cpj.pof ;
+--------------------+---------------------------------------------------------------+
; Option             ; Setting                                                       ;
+--------------------+---------------------------------------------------------------+
; Device             ; EPCS4                                                         ;
; JTAG usercode      ; 0x00000000                                                    ;
; Checksum           ; 0x074F65F1                                                    ;
; Compression Ratio  ; 3                                                             ;
+--------------------+---------------------------------------------------------------+


+--------------------+
; Assembler Messages ;
+--------------------+
Info: *******************************************************************
Info: Running Quartus II 32-bit Assembler
    Info: Version 11.1 Build 173 11/01/2011 SJ Web Edition
    Info: Processing started: Sat Jul 07 16:03:47 2012
Info: Command: quartus_asm --read_settings_files=off --write_settings_files=off cpj -c cpj
Critical Warning (138069): Setting INCREMENTAL_COMPILATION to "OFF" is no longer supported. Assignment is ignored. To disable partitions, set the IGNORE_PARTITIONS global assignment to "ON" instead.
Info (115031): Writing out detailed assembly data for power analysis
Info (115030): Assembler is generating device programming files
Info (210117): Created JAM or JBC file for the specified chain: 
Device 1 (EP2C5T144; E:/FPGA/ohyeslk_fpga/frequency/frequency―等精度/cpj.sof)
Info: Quartus II 32-bit Assembler was successful. 0 errors, 1 warning
    Info: Peak virtual memory: 258 megabytes
    Info: Processing ended: Sat Jul 07 16:03:54 2012
    Info: Elapsed time: 00:00:07
    Info: Total CPU time (on all processors): 00:00:06


