Analysis & Synthesis report for main
Mon Jul 25 18:21:21 2011
Quartus II Version 9.1 Build 222 10/21/2009 SJ Full Version


---------------------
; Table of Contents ;
---------------------
  1. Legal Notice
  2. Analysis & Synthesis Summary
  3. Analysis & Synthesis Settings
  4. Parallel Compilation
  5. Analysis & Synthesis Source Files Read
  6. Analysis & Synthesis Resource Usage Summary
  7. Analysis & Synthesis Resource Utilization by Entity
  8. User-Specified and Inferred Latches
  9. Registers Removed During Synthesis
 10. Removed Registers Triggering Further Register Optimizations
 11. General Register Statistics
 12. Port Connectivity Checks: "dispdecoder:b2v_inst5"
 13. Analysis & Synthesis Messages
 14. Analysis & Synthesis Suppressed Messages



----------------
; Legal Notice ;
----------------
Copyright (C) 1991-2009 Altera Corporation
Your use of Altera Corporation's design tools, logic functions 
and other software and tools, and its AMPP partner logic 
functions, and any output files from any of the foregoing 
(including device programming or simulation files), and any 
associated documentation or information are expressly subject 
to the terms and conditions of the Altera Program License 
Subscription Agreement, Altera MegaCore Function License 
Agreement, or other applicable license agreement, including, 
without limitation, that your use is for the sole purpose of 
programming logic devices manufactured by Altera and sold by 
Altera or its authorized distributors.  Please refer to the 
applicable agreement for further details.



+-------------------------------------------------------------------------------+
; Analysis & Synthesis Summary                                                  ;
+------------------------------------+------------------------------------------+
; Analysis & Synthesis Status        ; Successful - Mon Jul 25 18:21:21 2011    ;
; Quartus II Version                 ; 9.1 Build 222 10/21/2009 SJ Full Version ;
; Revision Name                      ; main                                     ;
; Top-level Entity Name              ; main                                     ;
; Family                             ; Cyclone II                               ;
; Total logic elements               ; 60                                       ;
;     Total combinational functions  ; 60                                       ;
;     Dedicated logic registers      ; 42                                       ;
; Total registers                    ; 42                                       ;
; Total pins                         ; 20                                       ;
; Total virtual pins                 ; 0                                        ;
; Total memory bits                  ; 0                                        ;
; Embedded Multiplier 9-bit elements ; 0                                        ;
; Total PLLs                         ; 0                                        ;
+------------------------------------+------------------------------------------+


+----------------------------------------------------------------------------------------------------------------------+
; Analysis & Synthesis Settings                                                                                        ;
+----------------------------------------------------------------------------+--------------------+--------------------+
; Option                                                                     ; Setting            ; Default Value      ;
+----------------------------------------------------------------------------+--------------------+--------------------+
; Device                                                                     ; EP2C8Q208C8        ;                    ;
; Top-level entity name                                                      ; main               ; main               ;
; Family name                                                                ; Cyclone II         ; Stratix II         ;
; Use Generated Physical Constraints File                                    ; Off                ;                    ;
; Use smart compilation                                                      ; Off                ; Off                ;
; Enable parallel Assembler and TimeQuest Timing Analyzer during compilation ; On                 ; On                 ;
; Enable compact report table                                                ; Off                ; Off                ;
; Restructure Multiplexers                                                   ; Auto               ; Auto               ;
; Create Debugging Nodes for IP Cores                                        ; Off                ; Off                ;
; Preserve fewer node names                                                  ; On                 ; On                 ;
; Disable OpenCore Plus hardware evaluation                                  ; Off                ; Off                ;
; Verilog Version                                                            ; Verilog_2001       ; Verilog_2001       ;
; VHDL Version                                                               ; VHDL_1993          ; VHDL_1993          ;
; State Machine Processing                                                   ; Auto               ; Auto               ;
; Safe State Machine                                                         ; Off                ; Off                ;
; Extract Verilog State Machines                                             ; On                 ; On                 ;
; Extract VHDL State Machines                                                ; On                 ; On                 ;
; Ignore Verilog initial constructs                                          ; Off                ; Off                ;
; Iteration limit for constant Verilog loops                                 ; 5000               ; 5000               ;
; Iteration limit for non-constant Verilog loops                             ; 250                ; 250                ;
; Add Pass-Through Logic to Inferred RAMs                                    ; On                 ; On                 ;
; Parallel Synthesis                                                         ; On                 ; On                 ;
; DSP Block Balancing                                                        ; Auto               ; Auto               ;
; NOT Gate Push-Back                                                         ; On                 ; On                 ;
; Power-Up Don't Care                                                        ; On                 ; On                 ;
; Remove Redundant Logic Cells                                               ; Off                ; Off                ;
; Remove Duplicate Registers                                                 ; On                 ; On                 ;
; Ignore CARRY Buffers                                                       ; Off                ; Off                ;
; Ignore CASCADE Buffers                                                     ; Off                ; Off                ;
; Ignore GLOBAL Buffers                                                      ; Off                ; Off                ;
; Ignore ROW GLOBAL Buffers                                                  ; Off                ; Off                ;
; Ignore LCELL Buffers                                                       ; Off                ; Off                ;
; Ignore SOFT Buffers                                                        ; On                 ; On                 ;
; Limit AHDL Integers to 32 Bits                                             ; Off                ; Off                ;
; Optimization Technique                                                     ; Balanced           ; Balanced           ;
; Carry Chain Length                                                         ; 70                 ; 70                 ;
; Auto Carry Chains                                                          ; On                 ; On                 ;
; Auto Open-Drain Pins                                                       ; On                 ; On                 ;
; Perform WYSIWYG Primitive Resynthesis                                      ; Off                ; Off                ;
; Auto ROM Replacement                                                       ; On                 ; On                 ;
; Auto RAM Replacement                                                       ; On                 ; On                 ;
; Auto Shift Register Replacement                                            ; Auto               ; Auto               ;
; Auto Clock Enable Replacement                                              ; On                 ; On                 ;
; Strict RAM Replacement                                                     ; Off                ; Off                ;
; Allow Synchronous Control Signals                                          ; On                 ; On                 ;
; Force Use of Synchronous Clear Signals                                     ; Off                ; Off                ;
; Auto RAM to Logic Cell Conversion                                          ; Off                ; Off                ;
; Auto Resource Sharing                                                      ; Off                ; Off                ;
; Allow Any RAM Size For Recognition                                         ; Off                ; Off                ;
; Allow Any ROM Size For Recognition                                         ; Off                ; Off                ;
; Allow Any Shift Register Size For Recognition                              ; Off                ; Off                ;
; Use LogicLock Constraints during Resource Balancing                        ; On                 ; On                 ;
; Ignore translate_off and synthesis_off directives                          ; Off                ; Off                ;
; Timing-Driven Synthesis                                                    ; Off                ; Off                ;
; Show Parameter Settings Tables in Synthesis Report                         ; On                 ; On                 ;
; Ignore Maximum Fan-Out Assignments                                         ; Off                ; Off                ;
; Synchronization Register Chain Length                                      ; 2                  ; 2                  ;
; PowerPlay Power Optimization                                               ; Normal compilation ; Normal compilation ;
; HDL message level                                                          ; Level2             ; Level2             ;
; Suppress Register Optimization Related Messages                            ; Off                ; Off                ;
; Number of Removed Registers Reported in Synthesis Report                   ; 100                ; 100                ;
; Number of Inverted Registers Reported in Synthesis Report                  ; 100                ; 100                ;
; Clock MUX Protection                                                       ; On                 ; On                 ;
; Auto Gated Clock Conversion                                                ; Off                ; Off                ;
; Block Design Naming                                                        ; Auto               ; Auto               ;
; SDC constraint protection                                                  ; Off                ; Off                ;
; Synthesis Effort                                                           ; Auto               ; Auto               ;
; Shift Register Replacement - Allow Asynchronous Clear Signal               ; On                 ; On                 ;
; Analysis & Synthesis Message Level                                         ; Medium             ; Medium             ;
; Disable Register Merging Across Hierarchies                                ; Auto               ; Auto               ;
; Resource Aware Inference For Block RAM                                     ; On                 ; On                 ;
+----------------------------------------------------------------------------+--------------------+--------------------+


+------------------------------------------+
; Parallel Compilation                     ;
+----------------------------+-------------+
; Processors                 ; Number      ;
+----------------------------+-------------+
; Number detected on machine ; 2           ;
; Maximum allowed            ; 2           ;
;                            ;             ;
; Average used               ; 1.00        ;
; Maximum used               ; 1           ;
;                            ;             ;
; Usage by Processor         ; % Time Used ;
;     1 processor            ; 100.0%      ;
;     2 processors           ;   0.0%      ;
+----------------------------+-------------+


+------------------------------------------------------------------------------------------------------------------------------+
; Analysis & Synthesis Source Files Read                                                                                       ;
+----------------------------------+-----------------+------------------------+------------------------------------------------+
; File Name with User-Entered Path ; Used in Netlist ; File Type              ; File Name with Absolute Path                   ;
+----------------------------------+-----------------+------------------------+------------------------------------------------+
; main.v                           ; yes             ; User Verilog HDL File  ; E:/my design_fpga/frequency/fre/main.v         ;
; gate_control.v                   ; yes             ; User Verilog HDL File  ; E:/my design_fpga/frequency/fre/gate_control.v ;
; flip_latch.v                     ; yes             ; User Verilog HDL File  ; E:/my design_fpga/frequency/fre/flip_latch.v   ;
; fdiv.v                           ; yes             ; User Verilog HDL File  ; E:/my design_fpga/frequency/fre/fdiv.v         ;
; dispselect.v                     ; yes             ; User Verilog HDL File  ; E:/my design_fpga/frequency/fre/dispselect.v   ;
; dispdecoder.v                    ; yes             ; User Verilog HDL File  ; E:/my design_fpga/frequency/fre/dispdecoder.v  ;
; data_mux.v                       ; yes             ; User Verilog HDL File  ; E:/my design_fpga/frequency/fre/data_mux.v     ;
; counter.v                        ; yes             ; User Verilog HDL File  ; E:/my design_fpga/frequency/fre/counter.v      ;
+----------------------------------+-----------------+------------------------+------------------------------------------------+


+--------------------------------------------------------------------------+
; Analysis & Synthesis Resource Usage Summary                              ;
+---------------------------------------------+----------------------------+
; Resource                                    ; Usage                      ;
+---------------------------------------------+----------------------------+
; Estimated Total logic elements              ; 60                         ;
;                                             ;                            ;
; Total combinational functions               ; 60                         ;
; Logic element usage by number of LUT inputs ;                            ;
;     -- 4 input functions                    ; 12                         ;
;     -- 3 input functions                    ; 14                         ;
;     -- <=2 input functions                  ; 34                         ;
;                                             ;                            ;
; Logic elements by mode                      ;                            ;
;     -- normal mode                          ; 29                         ;
;     -- arithmetic mode                      ; 31                         ;
;                                             ;                            ;
; Total registers                             ; 42                         ;
;     -- Dedicated logic registers            ; 42                         ;
;     -- I/O registers                        ; 0                          ;
;                                             ;                            ;
; I/O pins                                    ; 20                         ;
; Maximum fan-out node                        ; fdiv:b2v_inst1|LessThan0~9 ;
; Maximum fan-out                             ; 33                         ;
; Total fan-out                               ; 280                        ;
; Average fan-out                             ; 2.30                       ;
+---------------------------------------------+----------------------------+


+---------------------------------------------------------------------------------------------------------------------------------------------------------------------------------------+
; Analysis & Synthesis Resource Utilization by Entity                                                                                                                                   ;
+-----------------------------+-------------------+--------------+-------------+--------------+---------+-----------+------+--------------+------------------------------+--------------+
; Compilation Hierarchy Node  ; LC Combinationals ; LC Registers ; Memory Bits ; DSP Elements ; DSP 9x9 ; DSP 18x18 ; Pins ; Virtual Pins ; Full Hierarchy Name          ; Library Name ;
+-----------------------------+-------------------+--------------+-------------+--------------+---------+-----------+------+--------------+------------------------------+--------------+
; |main                       ; 60 (0)            ; 42 (0)       ; 0           ; 0            ; 0       ; 0         ; 20   ; 0            ; |main                        ; work         ;
;    |dispdecoder:b2v_inst5|  ; 2 (2)             ; 0 (0)        ; 0           ; 0            ; 0       ; 0         ; 0    ; 0            ; |main|dispdecoder:b2v_inst5  ;              ;
;    |dispselect:b2v_inst7|   ; 9 (9)             ; 9 (9)        ; 0           ; 0            ; 0       ; 0         ; 0    ; 0            ; |main|dispselect:b2v_inst7   ;              ;
;    |fdiv:b2v_inst1|         ; 42 (42)           ; 33 (33)      ; 0           ; 0            ; 0       ; 0         ; 0    ; 0            ; |main|fdiv:b2v_inst1         ;              ;
;    |gate_control:b2v_inst3| ; 7 (7)             ; 0 (0)        ; 0           ; 0            ; 0       ; 0         ; 0    ; 0            ; |main|gate_control:b2v_inst3 ;              ;
+-----------------------------+-------------------+--------------+-------------+--------------+---------+-----------+------+--------------+------------------------------+--------------+
Note: For table entries with two numbers listed, the numbers in parentheses indicate the number of resources of the given type used by the specific entity alone. The numbers listed outside of parentheses indicate the total resources of the given type used by the specific entity and all of its sub-entities in the hierarchy.


+---------------------------------------------------------------------------------------------------+
; User-Specified and Inferred Latches                                                               ;
+----------------------------------------------------+---------------------+------------------------+
; Latch Name                                         ; Latch Enable Signal ; Free of Timing Hazards ;
+----------------------------------------------------+---------------------+------------------------+
; gate_control:b2v_inst3|dp_s1hz                     ; GND                 ; yes                    ;
; gate_control:b2v_inst3|dp_s100hz                   ; GND                 ; yes                    ;
; gate_control:b2v_inst3|dp_s10hz                    ; GND                 ; yes                    ;
; Number of user-specified and inferred latches = 3  ;                     ;                        ;
+----------------------------------------------------+---------------------+------------------------+
Note: All latches listed above may not be present at the end of synthesis due to various synthesis optimizations.


+----------------------------------------------------------------------------------+
; Registers Removed During Synthesis                                               ;
+-----------------------------------------+----------------------------------------+
; Register name                           ; Reason for Removal                     ;
+-----------------------------------------+----------------------------------------+
; counter:b2v_inst|Q5[0..3]               ; Stuck at GND due to stuck port clock   ;
; counter:b2v_inst|Q4[0..3]               ; Stuck at GND due to stuck port clock   ;
; counter:b2v_inst|Q3[0..3]               ; Stuck at GND due to stuck port clock   ;
; counter:b2v_inst|Q2[0..3]               ; Stuck at GND due to stuck port clock   ;
; counter:b2v_inst|Q1[0..3]               ; Stuck at GND due to stuck port clock   ;
; counter:b2v_inst|Q0[0..3]               ; Stuck at GND due to stuck port clock   ;
; counter:b2v_inst|F_OUT                  ; Stuck at VCC due to stuck port clock   ;
; flip_latch:b2v_inst2|Q5[0..3]           ; Stuck at GND due to stuck port data_in ;
; flip_latch:b2v_inst2|Q4[0..3]           ; Stuck at GND due to stuck port data_in ;
; flip_latch:b2v_inst2|Q3[0..3]           ; Stuck at GND due to stuck port data_in ;
; flip_latch:b2v_inst2|Q2[0..3]           ; Stuck at GND due to stuck port data_in ;
; flip_latch:b2v_inst2|Q1[0..3]           ; Stuck at GND due to stuck port data_in ;
; flip_latch:b2v_inst2|Q0[0..3]           ; Stuck at GND due to stuck port data_in ;
; gate_control:b2v_inst3|wire_2           ; Lost fanout                            ;
; gate_control:b2v_inst3|wire_1           ; Lost fanout                            ;
; fdiv:b2v_inst1|cnt2[0]                  ; Lost fanout                            ;
; fdiv:b2v_inst1|cnt3[0]                  ; Lost fanout                            ;
; fdiv:b2v_inst1|cnt4[0..31]              ; Lost fanout                            ;
; fdiv:b2v_inst1|f1hz                     ; Lost fanout                            ;
; fdiv:b2v_inst1|cnt3[1..31]              ; Lost fanout                            ;
; fdiv:b2v_inst1|f10hz                    ; Lost fanout                            ;
; fdiv:b2v_inst1|cnt2[1..31]              ; Lost fanout                            ;
; fdiv:b2v_inst1|f100hz                   ; Lost fanout                            ;
; Total Number of Removed Registers = 150 ;                                        ;
+-----------------------------------------+----------------------------------------+


+---------------------------------------------------------------------------------------------------------------+
; Removed Registers Triggering Further Register Optimizations                                                   ;
+------------------------+-------------------------+------------------------------------------------------------+
; Register name          ; Reason for Removal      ; Registers Removed due to This Register                     ;
+------------------------+-------------------------+------------------------------------------------------------+
; counter:b2v_inst|Q5[0] ; Stuck at GND            ; flip_latch:b2v_inst2|Q5[0], gate_control:b2v_inst3|wire_2, ;
;                        ; due to stuck port clock ; gate_control:b2v_inst3|wire_1                              ;
; counter:b2v_inst|Q5[1] ; Stuck at GND            ; flip_latch:b2v_inst2|Q5[1]                                 ;
;                        ; due to stuck port clock ;                                                            ;
; counter:b2v_inst|Q5[2] ; Stuck at GND            ; flip_latch:b2v_inst2|Q5[2]                                 ;
;                        ; due to stuck port clock ;                                                            ;
; counter:b2v_inst|Q5[3] ; Stuck at GND            ; flip_latch:b2v_inst2|Q5[3]                                 ;
;                        ; due to stuck port clock ;                                                            ;
; counter:b2v_inst|Q4[0] ; Stuck at GND            ; flip_latch:b2v_inst2|Q4[0]                                 ;
;                        ; due to stuck port clock ;                                                            ;
; counter:b2v_inst|Q4[1] ; Stuck at GND            ; flip_latch:b2v_inst2|Q4[1]                                 ;
;                        ; due to stuck port clock ;                                                            ;
; counter:b2v_inst|Q4[2] ; Stuck at GND            ; flip_latch:b2v_inst2|Q4[2]                                 ;
;                        ; due to stuck port clock ;                                                            ;
; counter:b2v_inst|Q4[3] ; Stuck at GND            ; flip_latch:b2v_inst2|Q4[3]                                 ;
;                        ; due to stuck port clock ;                                                            ;
; counter:b2v_inst|Q3[0] ; Stuck at GND            ; flip_latch:b2v_inst2|Q3[0]                                 ;
;                        ; due to stuck port clock ;                                                            ;
; counter:b2v_inst|Q3[1] ; Stuck at GND            ; flip_latch:b2v_inst2|Q3[1]                                 ;
;                        ; due to stuck port clock ;                                                            ;
; counter:b2v_inst|Q3[2] ; Stuck at GND            ; flip_latch:b2v_inst2|Q3[2]                                 ;
;                        ; due to stuck port clock ;                                                            ;
; counter:b2v_inst|Q3[3] ; Stuck at GND            ; flip_latch:b2v_inst2|Q3[3]                                 ;
;                        ; due to stuck port clock ;                                                            ;
; counter:b2v_inst|Q2[0] ; Stuck at GND            ; flip_latch:b2v_inst2|Q2[0]                                 ;
;                        ; due to stuck port clock ;                                                            ;
; counter:b2v_inst|Q2[1] ; Stuck at GND            ; flip_latch:b2v_inst2|Q2[1]                                 ;
;                        ; due to stuck port clock ;                                                            ;
; counter:b2v_inst|Q2[2] ; Stuck at GND            ; flip_latch:b2v_inst2|Q2[2]                                 ;
;                        ; due to stuck port clock ;                                                            ;
; counter:b2v_inst|Q2[3] ; Stuck at GND            ; flip_latch:b2v_inst2|Q2[3]                                 ;
;                        ; due to stuck port clock ;                                                            ;
; counter:b2v_inst|Q1[0] ; Stuck at GND            ; flip_latch:b2v_inst2|Q1[0]                                 ;
;                        ; due to stuck port clock ;                                                            ;
; counter:b2v_inst|Q1[1] ; Stuck at GND            ; flip_latch:b2v_inst2|Q1[1]                                 ;
;                        ; due to stuck port clock ;                                                            ;
; counter:b2v_inst|Q1[2] ; Stuck at GND            ; flip_latch:b2v_inst2|Q1[2]                                 ;
;                        ; due to stuck port clock ;                                                            ;
; counter:b2v_inst|Q1[3] ; Stuck at GND            ; flip_latch:b2v_inst2|Q1[3]                                 ;
;                        ; due to stuck port clock ;                                                            ;
; counter:b2v_inst|Q0[0] ; Stuck at GND            ; flip_latch:b2v_inst2|Q0[0]                                 ;
;                        ; due to stuck port clock ;                                                            ;
; counter:b2v_inst|Q0[1] ; Stuck at GND            ; flip_latch:b2v_inst2|Q0[1]                                 ;
;                        ; due to stuck port clock ;                                                            ;
; counter:b2v_inst|Q0[2] ; Stuck at GND            ; flip_latch:b2v_inst2|Q0[2]                                 ;
;                        ; due to stuck port clock ;                                                            ;
; counter:b2v_inst|Q0[3] ; Stuck at GND            ; flip_latch:b2v_inst2|Q0[3]                                 ;
;                        ; due to stuck port clock ;                                                            ;
; fdiv:b2v_inst1|cnt3[0] ; Lost Fanouts            ; fdiv:b2v_inst1|f100hz                                      ;
; fdiv:b2v_inst1|cnt4[0] ; Lost Fanouts            ; fdiv:b2v_inst1|f10hz                                       ;
+------------------------+-------------------------+------------------------------------------------------------+


+------------------------------------------------------+
; General Register Statistics                          ;
+----------------------------------------------+-------+
; Statistic                                    ; Value ;
+----------------------------------------------+-------+
; Total registers                              ; 42    ;
; Number of registers using Synchronous Clear  ; 32    ;
; Number of registers using Synchronous Load   ; 0     ;
; Number of registers using Asynchronous Clear ; 0     ;
; Number of registers using Asynchronous Load  ; 0     ;
; Number of registers using Clock Enable       ; 0     ;
; Number of registers using Preset             ; 0     ;
+----------------------------------------------+-------+


+-------------------------------------------------------------------------------------------------------------------------------------------------------------------------------------------------------------------+
; Port Connectivity Checks: "dispdecoder:b2v_inst5"                                                                                                                                                                 ;
+-------------+-------+----------+----------------------------------------------------------------------------------------------------------------------------------------------------------------------------------+
; Port        ; Type  ; Severity ; Details                                                                                                                                                                          ;
+-------------+-------+----------+----------------------------------------------------------------------------------------------------------------------------------------------------------------------------------+
; disp_select ; Input ; Warning  ; Input port expression (6 bits) is wider than the input port (3 bits) it drives.  The 3 most-significant bit(s) in the expression will be dangling if they have no other fanouts. ;
+-------------+-------+----------+----------------------------------------------------------------------------------------------------------------------------------------------------------------------------------+


+-------------------------------+
; Analysis & Synthesis Messages ;
+-------------------------------+
Info: *******************************************************************
Info: Running Quartus II Analysis & Synthesis
    Info: Version 9.1 Build 222 10/21/2009 SJ Full Version
    Info: Processing started: Mon Jul 25 18:21:19 2011
Info: Command: quartus_map --read_settings_files=on --write_settings_files=off main -c main
Info: Parallel compilation is enabled and will use 2 of the 2 processors detected
Info: Found 1 design units, including 1 entities, in source file main.v
    Info: Found entity 1: main
Info: Found 1 design units, including 1 entities, in source file gate_control.v
    Info: Found entity 1: gate_control
Info: Found 1 design units, including 1 entities, in source file flip_latch.v
    Info: Found entity 1: flip_latch
Info: Found 1 design units, including 1 entities, in source file fdiv.v
    Info: Found entity 1: fdiv
Info: Found 1 design units, including 1 entities, in source file dispselect.v
    Info: Found entity 1: dispselect
Info: Found 1 design units, including 1 entities, in source file dispdecoder.v
    Info: Found entity 1: dispdecoder
Info: Found 1 design units, including 1 entities, in source file data_mux.v
    Info: Found entity 1: data_mux
Info: Found 1 design units, including 1 entities, in source file counter.v
    Info: Found entity 1: counter
Warning (10236): Verilog HDL Implicit Net warning at main.v(60): created implicit net for "F_IN"
Info: Elaborating entity "main" for the top level hierarchy
Info: Elaborating entity "counter" for hierarchy "counter:b2v_inst"
Info: Elaborating entity "fdiv" for hierarchy "fdiv:b2v_inst1"
Info: Elaborating entity "flip_latch" for hierarchy "flip_latch:b2v_inst2"
Info: Elaborating entity "gate_control" for hierarchy "gate_control:b2v_inst3"
Warning (10240): Verilog HDL Always Construct warning at gate_control.v(34): inferring latch(es) for variable "fref", which holds its previous value in one or more paths through the always construct
Warning (10240): Verilog HDL Always Construct warning at gate_control.v(34): inferring latch(es) for variable "dp_s1hz", which holds its previous value in one or more paths through the always construct
Warning (10240): Verilog HDL Always Construct warning at gate_control.v(34): inferring latch(es) for variable "dp_s10hz", which holds its previous value in one or more paths through the always construct
Warning (10240): Verilog HDL Always Construct warning at gate_control.v(34): inferring latch(es) for variable "dp_s100hz", which holds its previous value in one or more paths through the always construct
Info (10041): Inferred latch for "dp_s100hz" at gate_control.v(34)
Info (10041): Inferred latch for "dp_s10hz" at gate_control.v(34)
Info (10041): Inferred latch for "dp_s1hz" at gate_control.v(34)
Info (10041): Inferred latch for "fref" at gate_control.v(34)
Info: Elaborating entity "dispdecoder" for hierarchy "dispdecoder:b2v_inst5"
Warning (10240): Verilog HDL Always Construct warning at dispdecoder.v(28): inferring latch(es) for variable "data_out", which holds its previous value in one or more paths through the always construct
Info (10041): Inferred latch for "data_out[0]" at dispdecoder.v(28)
Info (10041): Inferred latch for "data_out[1]" at dispdecoder.v(28)
Info (10041): Inferred latch for "data_out[2]" at dispdecoder.v(28)
Info (10041): Inferred latch for "data_out[3]" at dispdecoder.v(28)
Info (10041): Inferred latch for "data_out[4]" at dispdecoder.v(28)
Info (10041): Inferred latch for "data_out[5]" at dispdecoder.v(28)
Info (10041): Inferred latch for "data_out[6]" at dispdecoder.v(28)
Info: Elaborating entity "dispselect" for hierarchy "dispselect:b2v_inst7"
Info: Elaborating entity "data_mux" for hierarchy "data_mux:b2v_inst8"
Warning: 1 hierarchies have connectivity warnings - see the Connectivity Checks report folder
Warning: Output pins are stuck at VCC or GND
    Warning (13410): Pin "disp_data[0]" is stuck at GND
    Warning (13410): Pin "disp_data[1]" is stuck at GND
    Warning (13410): Pin "disp_data[2]" is stuck at GND
    Warning (13410): Pin "disp_data[3]" is stuck at GND
    Warning (13410): Pin "disp_data[4]" is stuck at GND
    Warning (13410): Pin "disp_data[5]" is stuck at GND
    Warning (13410): Pin "disp_data[6]" is stuck at VCC
    Warning (13410): Pin "over_alarm" is stuck at VCC
Info: 101 registers lost all their fanouts during netlist optimizations. The first 100 are displayed below.
    Info: Register "gate_control:b2v_inst3|wire_2" lost all its fanouts during netlist optimizations.
    Info: Register "gate_control:b2v_inst3|wire_1" lost all its fanouts during netlist optimizations.
    Info: Register "fdiv:b2v_inst1|cnt2[0]" lost all its fanouts during netlist optimizations.
    Info: Register "fdiv:b2v_inst1|cnt3[0]" lost all its fanouts during netlist optimizations.
    Info: Register "fdiv:b2v_inst1|cnt4[0]" lost all its fanouts during netlist optimizations.
    Info: Register "fdiv:b2v_inst1|cnt4[1]" lost all its fanouts during netlist optimizations.
    Info: Register "fdiv:b2v_inst1|cnt4[2]" lost all its fanouts during netlist optimizations.
    Info: Register "fdiv:b2v_inst1|cnt4[3]" lost all its fanouts during netlist optimizations.
    Info: Register "fdiv:b2v_inst1|cnt4[4]" lost all its fanouts during netlist optimizations.
    Info: Register "fdiv:b2v_inst1|cnt4[5]" lost all its fanouts during netlist optimizations.
    Info: Register "fdiv:b2v_inst1|cnt4[6]" lost all its fanouts during netlist optimizations.
    Info: Register "fdiv:b2v_inst1|cnt4[7]" lost all its fanouts during netlist optimizations.
    Info: Register "fdiv:b2v_inst1|cnt4[8]" lost all its fanouts during netlist optimizations.
    Info: Register "fdiv:b2v_inst1|cnt4[9]" lost all its fanouts during netlist optimizations.
    Info: Register "fdiv:b2v_inst1|cnt4[10]" lost all its fanouts during netlist optimizations.
    Info: Register "fdiv:b2v_inst1|cnt4[11]" lost all its fanouts during netlist optimizations.
    Info: Register "fdiv:b2v_inst1|cnt4[12]" lost all its fanouts during netlist optimizations.
    Info: Register "fdiv:b2v_inst1|cnt4[13]" lost all its fanouts during netlist optimizations.
    Info: Register "fdiv:b2v_inst1|cnt4[14]" lost all its fanouts during netlist optimizations.
    Info: Register "fdiv:b2v_inst1|cnt4[15]" lost all its fanouts during netlist optimizations.
    Info: Register "fdiv:b2v_inst1|cnt4[16]" lost all its fanouts during netlist optimizations.
    Info: Register "fdiv:b2v_inst1|cnt4[17]" lost all its fanouts during netlist optimizations.
    Info: Register "fdiv:b2v_inst1|cnt4[18]" lost all its fanouts during netlist optimizations.
    Info: Register "fdiv:b2v_inst1|cnt4[19]" lost all its fanouts during netlist optimizations.
    Info: Register "fdiv:b2v_inst1|cnt4[20]" lost all its fanouts during netlist optimizations.
    Info: Register "fdiv:b2v_inst1|cnt4[21]" lost all its fanouts during netlist optimizations.
    Info: Register "fdiv:b2v_inst1|cnt4[22]" lost all its fanouts during netlist optimizations.
    Info: Register "fdiv:b2v_inst1|cnt4[23]" lost all its fanouts during netlist optimizations.
    Info: Register "fdiv:b2v_inst1|cnt4[24]" lost all its fanouts during netlist optimizations.
    Info: Register "fdiv:b2v_inst1|cnt4[25]" lost all its fanouts during netlist optimizations.
    Info: Register "fdiv:b2v_inst1|cnt4[26]" lost all its fanouts during netlist optimizations.
    Info: Register "fdiv:b2v_inst1|cnt4[27]" lost all its fanouts during netlist optimizations.
    Info: Register "fdiv:b2v_inst1|cnt4[28]" lost all its fanouts during netlist optimizations.
    Info: Register "fdiv:b2v_inst1|cnt4[29]" lost all its fanouts during netlist optimizations.
    Info: Register "fdiv:b2v_inst1|cnt4[30]" lost all its fanouts during netlist optimizations.
    Info: Register "fdiv:b2v_inst1|cnt4[31]" lost all its fanouts during netlist optimizations.
    Info: Register "fdiv:b2v_inst1|f1hz" lost all its fanouts during netlist optimizations.
    Info: Register "fdiv:b2v_inst1|cnt3[1]" lost all its fanouts during netlist optimizations.
    Info: Register "fdiv:b2v_inst1|cnt3[2]" lost all its fanouts during netlist optimizations.
    Info: Register "fdiv:b2v_inst1|cnt3[3]" lost all its fanouts during netlist optimizations.
    Info: Register "fdiv:b2v_inst1|cnt3[4]" lost all its fanouts during netlist optimizations.
    Info: Register "fdiv:b2v_inst1|cnt3[5]" lost all its fanouts during netlist optimizations.
    Info: Register "fdiv:b2v_inst1|cnt3[6]" lost all its fanouts during netlist optimizations.
    Info: Register "fdiv:b2v_inst1|cnt3[7]" lost all its fanouts during netlist optimizations.
    Info: Register "fdiv:b2v_inst1|cnt3[8]" lost all its fanouts during netlist optimizations.
    Info: Register "fdiv:b2v_inst1|cnt3[9]" lost all its fanouts during netlist optimizations.
    Info: Register "fdiv:b2v_inst1|cnt3[10]" lost all its fanouts during netlist optimizations.
    Info: Register "fdiv:b2v_inst1|cnt3[11]" lost all its fanouts during netlist optimizations.
    Info: Register "fdiv:b2v_inst1|cnt3[12]" lost all its fanouts during netlist optimizations.
    Info: Register "fdiv:b2v_inst1|cnt3[13]" lost all its fanouts during netlist optimizations.
    Info: Register "fdiv:b2v_inst1|cnt3[14]" lost all its fanouts during netlist optimizations.
    Info: Register "fdiv:b2v_inst1|cnt3[15]" lost all its fanouts during netlist optimizations.
    Info: Register "fdiv:b2v_inst1|cnt3[16]" lost all its fanouts during netlist optimizations.
    Info: Register "fdiv:b2v_inst1|cnt3[17]" lost all its fanouts during netlist optimizations.
    Info: Register "fdiv:b2v_inst1|cnt3[18]" lost all its fanouts during netlist optimizations.
    Info: Register "fdiv:b2v_inst1|cnt3[19]" lost all its fanouts during netlist optimizations.
    Info: Register "fdiv:b2v_inst1|cnt3[20]" lost all its fanouts during netlist optimizations.
    Info: Register "fdiv:b2v_inst1|cnt3[21]" lost all its fanouts during netlist optimizations.
    Info: Register "fdiv:b2v_inst1|cnt3[22]" lost all its fanouts during netlist optimizations.
    Info: Register "fdiv:b2v_inst1|cnt3[23]" lost all its fanouts during netlist optimizations.
    Info: Register "fdiv:b2v_inst1|cnt3[24]" lost all its fanouts during netlist optimizations.
    Info: Register "fdiv:b2v_inst1|cnt3[25]" lost all its fanouts during netlist optimizations.
    Info: Register "fdiv:b2v_inst1|cnt3[26]" lost all its fanouts during netlist optimizations.
    Info: Register "fdiv:b2v_inst1|cnt3[27]" lost all its fanouts during netlist optimizations.
    Info: Register "fdiv:b2v_inst1|cnt3[28]" lost all its fanouts during netlist optimizations.
    Info: Register "fdiv:b2v_inst1|cnt3[29]" lost all its fanouts during netlist optimizations.
    Info: Register "fdiv:b2v_inst1|cnt3[30]" lost all its fanouts during netlist optimizations.
    Info: Register "fdiv:b2v_inst1|cnt3[31]" lost all its fanouts during netlist optimizations.
    Info: Register "fdiv:b2v_inst1|f10hz" lost all its fanouts during netlist optimizations.
    Info: Register "fdiv:b2v_inst1|cnt2[1]" lost all its fanouts during netlist optimizations.
    Info: Register "fdiv:b2v_inst1|cnt2[2]" lost all its fanouts during netlist optimizations.
    Info: Register "fdiv:b2v_inst1|cnt2[3]" lost all its fanouts during netlist optimizations.
    Info: Register "fdiv:b2v_inst1|cnt2[4]" lost all its fanouts during netlist optimizations.
    Info: Register "fdiv:b2v_inst1|cnt2[5]" lost all its fanouts during netlist optimizations.
    Info: Register "fdiv:b2v_inst1|cnt2[6]" lost all its fanouts during netlist optimizations.
    Info: Register "fdiv:b2v_inst1|cnt2[7]" lost all its fanouts during netlist optimizations.
    Info: Register "fdiv:b2v_inst1|cnt2[8]" lost all its fanouts during netlist optimizations.
    Info: Register "fdiv:b2v_inst1|cnt2[9]" lost all its fanouts during netlist optimizations.
    Info: Register "fdiv:b2v_inst1|cnt2[10]" lost all its fanouts during netlist optimizations.
    Info: Register "fdiv:b2v_inst1|cnt2[11]" lost all its fanouts during netlist optimizations.
    Info: Register "fdiv:b2v_inst1|cnt2[12]" lost all its fanouts during netlist optimizations.
    Info: Register "fdiv:b2v_inst1|cnt2[13]" lost all its fanouts during netlist optimizations.
    Info: Register "fdiv:b2v_inst1|cnt2[14]" lost all its fanouts during netlist optimizations.
    Info: Register "fdiv:b2v_inst1|cnt2[15]" lost all its fanouts during netlist optimizations.
    Info: Register "fdiv:b2v_inst1|cnt2[16]" lost all its fanouts during netlist optimizations.
    Info: Register "fdiv:b2v_inst1|cnt2[17]" lost all its fanouts during netlist optimizations.
    Info: Register "fdiv:b2v_inst1|cnt2[18]" lost all its fanouts during netlist optimizations.
    Info: Register "fdiv:b2v_inst1|cnt2[19]" lost all its fanouts during netlist optimizations.
    Info: Register "fdiv:b2v_inst1|cnt2[20]" lost all its fanouts during netlist optimizations.
    Info: Register "fdiv:b2v_inst1|cnt2[21]" lost all its fanouts during netlist optimizations.
    Info: Register "fdiv:b2v_inst1|cnt2[22]" lost all its fanouts during netlist optimizations.
    Info: Register "fdiv:b2v_inst1|cnt2[23]" lost all its fanouts during netlist optimizations.
    Info: Register "fdiv:b2v_inst1|cnt2[24]" lost all its fanouts during netlist optimizations.
    Info: Register "fdiv:b2v_inst1|cnt2[25]" lost all its fanouts during netlist optimizations.
    Info: Register "fdiv:b2v_inst1|cnt2[26]" lost all its fanouts during netlist optimizations.
    Info: Register "fdiv:b2v_inst1|cnt2[27]" lost all its fanouts during netlist optimizations.
    Info: Register "fdiv:b2v_inst1|cnt2[28]" lost all its fanouts during netlist optimizations.
    Info: Register "fdiv:b2v_inst1|cnt2[29]" lost all its fanouts during netlist optimizations.
    Info: Register "fdiv:b2v_inst1|cnt2[30]" lost all its fanouts during netlist optimizations.
    Info: Register "fdiv:b2v_inst1|cnt2[31]" lost all its fanouts during netlist optimizations.
    Info: List truncated at 100 items
Info: Generated suppressed messages file E:/my design_fpga/frequency/fre/main.map.smsg
Warning: Design contains 1 input pin(s) that do not drive logic
    Warning (15610): No output dependent on input pin "F_in"
Info: Implemented 81 device resources after synthesis - the final resource count might be different
    Info: Implemented 5 input pins
    Info: Implemented 15 output pins
    Info: Implemented 61 logic cells
Info: Quartus II Analysis & Synthesis was successful. 0 errors, 18 warnings
    Info: Peak virtual memory: 199 megabytes
    Info: Processing ended: Mon Jul 25 18:21:21 2011
    Info: Elapsed time: 00:00:02
    Info: Total CPU time (on all processors): 00:00:03


+------------------------------------------+
; Analysis & Synthesis Suppressed Messages ;
+------------------------------------------+
The suppressed messages can be found in E:/my design_fpga/frequency/fre/main.map.smsg.


